<?xml version="1.0" encoding="UTF-8"?>
<testng-results skipped="0" failed="0" total="1" passed="1">
  <reporter-output>
  </reporter-output>
  <suite name="Command line suite" duration-ms="9" started-at="2014-04-22T10:02:49Z" finished-at="2014-04-22T10:02:49Z">
    <groups>
    </groups>
    <test name="Command line test" duration-ms="9" started-at="2014-04-22T10:02:49Z" finished-at="2014-04-22T10:02:49Z">
      <class name="com.rl.E2EMF.AppTest">
        <test-method status="PASS" signature="testApp()[pri:0, instance:testApp(com.rl.E2EMF.AppTest)]" name="testApp" duration-ms="2" started-at="2014-04-22T15:32:49Z" finished-at="2014-04-22T15:32:49Z">
          <reporter-output>
          </reporter-output>
        </test-method> <!-- testApp -->
      </class> <!-- com.rl.E2EMF.AppTest -->
    </test> <!-- Command line test -->
  </suite> <!-- Command line suite -->
</testng-results>
