<?xml version="1.0" encoding="UTF-8"?>
<!-- Generated by org.testng.reporters.JUnitXMLReporter -->
<testsuite hostname="SRINIVAS-PC" name="Default test" tests="6" failures="0" timestamp="22 Apr 2014 10:15:17 GMT" time="133.927" errors="0">
  <testcase name="flowDiagrams" time="61.601" classname="com.rl.E2EMF.TestScripts"/>
  <testcase name="planAndEstimation" time="11.244" classname="com.rl.E2EMF.TestScripts"/>
  <testcase name="profiling" time="16.18" classname="com.rl.E2EMF.TestScripts"/>
  <testcase name="search" time="17.841" classname="com.rl.E2EMF.TestScripts"/>
  <testcase name="testLogin" time="16.05" classname="com.rl.E2EMF.TestScripts"/>
  <testcase name="testLogout" time="10.991" classname="com.rl.E2EMF.TestScripts"/>
</testsuite> <!-- Default test -->
